<?xml version="1.0" encoding="utf-8"?><testsuites name="pytest tests"><testsuite name="pytest" errors="0" failures="0" skipped="1" tests="28" time="5.215" timestamp="2026-03-05T18:26:50.309063+00:00" hostname="agent-env-979402b8-bc7d-4e07-abab-743d020a20b8"><testcase classname="tests.test_ringring_api.TestHealthEndpoint" name="test_health_check" time="0.339" /><testcase classname="tests.test_ringring_api.TestAuthentication" name="test_login_with_valid_credentials" time="0.335" /><testcase classname="tests.test_ringring_api.TestAuthentication" name="test_login_with_invalid_credentials" time="0.293" /><testcase classname="tests.test_ringring_api.TestAuthentication" name="test_get_me_authenticated" time="0.373" /><testcase classname="tests.test_ringring_api.TestAuthentication" name="test_get_me_unauthenticated" time="0.132" /><testcase classname="tests.test_ringring_api.TestPhoneNumbers" name="test_get_my_numbers" time="0.082" /><testcase classname="tests.test_ringring_api.TestPhoneNumbers" name="test_search_numbers" time="0.898" /><testcase classname="tests.test_ringring_api.TestPhoneNumbers" name="test_get_sinch_active_numbers" time="0.636" /><testcase classname="tests.test_ringring_api.TestMessages" name="test_get_conversations" time="0.063" /><testcase classname="tests.test_ringring_api.TestMessages" name="test_create_conversation" time="0.092" /><testcase classname="tests.test_ringring_api.TestMessages" name="test_get_messages_for_conversation" time="0.142" /><testcase classname="tests.test_ringring_api.TestContacts" name="test_get_contacts" time="0.069" /><testcase classname="tests.test_ringring_api.TestContacts" name="test_add_contact" time="0.079" /><testcase classname="tests.test_ringring_api.TestContacts" name="test_delete_contact" time="0.136" /><testcase classname="tests.test_ringring_api.TestVoicemail" name="test_get_voicemail" time="0.063" /><testcase classname="tests.test_ringring_api.TestCalls" name="test_get_call_history" time="0.069" /><testcase classname="tests.test_ringring_api.TestCalls" name="test_get_recent_calls" time="0.068" /><testcase classname="tests.test_ringring_api.TestCalls" name="test_log_call" time="0.069" /><testcase classname="tests.test_ringring_api.TestVoice" name="test_get_voice_auth_token" time="0.072" /><testcase classname="tests.test_ringring_api.TestVoice" name="test_get_voice_config" time="0.066" /><testcase classname="tests.test_ringring_api.TestGIFs" name="test_search_trending_gifs" time="0.254" /><testcase classname="tests.test_ringring_api.TestGIFs" name="test_search_gifs_by_query" time="0.214" /><testcase classname="tests.test_ringring_api.TestTypingAndReadReceipts" name="test_typing_indicator" time="0.144" /><testcase classname="tests.test_ringring_api.TestTypingAndReadReceipts" name="test_read_receipts" time="0.156" /><testcase classname="tests.test_ringring_api.TestReactions" name="test_react_to_message" time="0.000"><skipped type="pytest.skip" message="Requires existing message - complex to test in isolation">/app/backend/tests/test_ringring_api.py:422: Requires existing message - complex to test in isolation</skipped></testcase><testcase classname="tests.test_ringring_api.TestSinchCallbacks" name="test_ice_callback" time="0.067" /><testcase classname="tests.test_ringring_api.TestSinchCallbacks" name="test_ace_callback" time="0.089" /><testcase classname="tests.test_ringring_api.TestSinchCallbacks" name="test_dice_callback" time="0.072" /></testsuite></testsuites>